The system is: Windows - 10.0.19044 - AMD64
Compiling the CXX compiler identification source file "CMakeCXXCompilerId.cpp" succeeded.
Compiler: C:/Program Files/Microsoft Visual Studio/2022/Community/VC/Tools/MSVC/14.35.32215/bin/Hostx64/x64/cl.exe 
Build flags: -fsanitize=address
Id flags:  

The output was:
0
Microsoft (R) C/C++ Optimizing Compiler Versão 19.35.32216.1 para x64
Copyright (C) Microsoft Corporation. Todos os direitos reservados.

CMakeCXXCompilerId.cpp
D:\Documentos\MusicPlayerEnd\out\build\x64-Debug\CMakeFiles\3.25.1-msvc1\CompilerIdCXX\CMakeCXXCompilerId.cpp : warning C5072: Habilitado para ASAN sem emissão de informações de depuração. Habilite as informações de depuração para aprimorar o relatório de erros ASAN
Microsoft (R) Incremental Linker Version 14.35.32216.1
Copyright (C) Microsoft Corporation.  All rights reserved.

/out:CMakeCXXCompilerId.exe 
/InferAsanLibs 
CMakeCXXCompilerId.obj 
   Criando biblioteca CMakeCXXCompilerId.lib e objeto CMakeCXXCompilerId.exp
LINK : warning LNK4302: adicione '/DEBUG' à linha de comando do link para aprimorar o relatório de erros ASAN


Compilation of the CXX compiler identification source "CMakeCXXCompilerId.cpp" produced "CMakeCXXCompilerId.exe"

Compilation of the CXX compiler identification source "CMakeCXXCompilerId.cpp" produced "CMakeCXXCompilerId.exp"

Compilation of the CXX compiler identification source "CMakeCXXCompilerId.cpp" produced "CMakeCXXCompilerId.lib"

Compilation of the CXX compiler identification source "CMakeCXXCompilerId.cpp" produced "CMakeCXXCompilerId.obj"

The CXX compiler identification is MSVC, found in "D:/Documentos/MusicPlayerEnd/out/build/x64-Debug/CMakeFiles/3.25.1-msvc1/CompilerIdCXX/CMakeCXXCompilerId.exe"

Detecting CXX compiler ABI info compiled with the following output:
Change Dir: D:/Documentos/MusicPlayerEnd/out/build/x64-Debug/CMakeFiles/CMakeScratch/TryCompile-au7rdw

Run Build Command(s):C:/Program Files/Microsoft Visual Studio/2022/Community/Common7/IDE/CommonExtensions/Microsoft/CMake/Ninja/ninja.exe cmTC_e32cf && [1/2] Building CXX object CMakeFiles\cmTC_e32cf.dir\CMakeCXXCompilerABI.cpp.obj
[2/2] Linking CXX executable cmTC_e32cf.exe



